[01May2025 00:00:33.088] [Server thread/WARN] [net.minecraft.server.MinecraftServer/]: Can't keep up! Is the server overloaded? Running 2043ms or 40 ticks behind
[01May2025 00:01:44.093] [Server thread/WARN] [net.minecraft.entity.ai.attributes.AttributeModifierManager/]: Ignoring unknown attribute 'forge:step_height_addition'
[01May2025 00:01:51.520] [Server thread/WARN] [net.minecraft.server.MinecraftServer/]: Can't keep up! Is the server overloaded? Running 2025ms or 40 ticks behind
[01May2025 00:02:08.644] [Server thread/WARN] [net.minecraft.server.MinecraftServer/]: Can't keep up! Is the server overloaded? Running 2149ms or 42 ticks behind
[01May2025 00:02:09.456] [Server thread/INFO] [net.minecraft.server.dedicated.DedicatedServer/]: Freacklock has made the advancement [Ad End-stra]
[01May2025 00:02:25.743] [Server thread/INFO] [net.minecraft.server.dedicated.DedicatedServer/]: [Miglaitor_: +70 loyalty for imsxs]
[01May2025 00:02:31.454] [Server thread/WARN] [net.minecraft.server.MinecraftServer/]: Can't keep up! Is the server overloaded? Running 2059ms or 41 ticks behind
[01May2025 00:02:49.154] [Server thread/WARN] [net.minecraft.server.MinecraftServer/]: Can't keep up! Is the server overloaded? Running 2709ms or 54 ticks behind
[01May2025 00:03:05.365] [Server thread/WARN] [net.minecraft.entity.ai.attributes.AttributeModifierManager/]: Ignoring unknown attribute 'forge:step_height_addition'
[01May2025 00:03:14.999] [Server thread/WARN] [net.minecraft.server.MinecraftServer/]: Can't keep up! Is the server overloaded? Running 2004ms or 40 ticks behind
[01May2025 00:03:34.142] [Server thread/WARN] [net.minecraft.server.MinecraftServer/]: Can't keep up! Is the server overloaded? Running 4147ms or 82 ticks behind
[01May2025 00:03:56.614] [Server thread/WARN] [net.minecraft.server.MinecraftServer/]: Can't keep up! Is the server overloaded? Running 7519ms or 150 ticks behind
[01May2025 00:04:15.613] [Server thread/WARN] [net.minecraft.server.MinecraftServer/]: Can't keep up! Is the server overloaded? Running 4018ms or 80 ticks behind
[01May2025 00:04:34.437] [Server thread/WARN] [net.minecraft.server.MinecraftServer/]: Can't keep up! Is the server overloaded? Running 3842ms or 76 ticks behind
[01May2025 00:04:53.726] [Server thread/WARN] [net.minecraft.server.MinecraftServer/]: Can't keep up! Is the server overloaded? Running 4331ms or 86 ticks behind
[01May2025 00:05:15.380] [Server thread/INFO] [explorerscompass/]: Starting search: 5000 max radius, 50000 max samples
[01May2025 00:05:16.129] [Server thread/INFO] [explorerscompass/]: Search succeeded: 1439 radius, 4723 samples
[01May2025 00:05:16.868] [Server thread/WARN] [net.minecraft.server.MinecraftServer/]: Can't keep up! Is the server overloaded? Running 8173ms or 163 ticks behind
[01May2025 00:05:38.069] [Server thread/WARN] [net.minecraft.server.MinecraftServer/]: Can't keep up! Is the server overloaded? Running 6224ms or 124 ticks behind
[01May2025 00:06:00.063] [Server thread/WARN] [net.minecraft.server.MinecraftServer/]: Can't keep up! Is the server overloaded? Running 7018ms or 140 ticks behind
[01May2025 00:06:13.974] [Server thread/INFO] [net.minecraft.server.dedicated.DedicatedServer/]: [Miglaitor_: Set own game mode to Creative Mode]
[01May2025 00:06:22.493] [Server thread/WARN] [net.minecraft.server.MinecraftServer/]: Can't keep up! Is the server overloaded? Running 7448ms or 148 ticks behind
[01May2025 00:06:54.174] [Server thread/INFO] [net.minecraft.server.dedicated.DedicatedServer/]: [Miglaitor_: Set own game mode to Survival Mode]
[01May2025 00:06:55.822] [Server thread/WARN] [net.minecraft.server.MinecraftServer/]: Can't keep up! Is the server overloaded? Running 18377ms or 367 ticks behind
[01May2025 00:07:17.257] [Server thread/WARN] [net.minecraft.server.MinecraftServer/]: Can't keep up! Is the server overloaded? Running 6462ms or 129 ticks behind
[01May2025 00:07:37.438] [Server thread/WARN] [net.minecraft.server.MinecraftServer/]: Can't keep up! Is the server overloaded? Running 5193ms or 103 ticks behind
[01May2025 00:07:58.131] [Server thread/WARN] [net.minecraft.server.MinecraftServer/]: Can't keep up! Is the server overloaded? Running 5736ms or 114 ticks behind
[01May2025 00:08:19.871] [Server thread/WARN] [net.minecraft.server.MinecraftServer/]: Can't keep up! Is the server overloaded? Running 6776ms or 135 ticks behind
[01May2025 00:08:22.690] [Server thread/INFO] [net.minecraft.server.dedicated.DedicatedServer/]: [Miglaitor_: Teleported Freacklock to Miglaitor_]
[01May2025 00:08:42.492] [Server thread/WARN] [net.minecraft.server.MinecraftServer/]: Can't keep up! Is the server overloaded? Running 7647ms or 152 ticks behind
[01May2025 00:09:04.354] [Server thread/WARN] [net.minecraft.server.MinecraftServer/]: Can't keep up! Is the server overloaded? Running 6909ms or 138 ticks behind
[01May2025 00:09:25.356] [Server thread/WARN] [net.minecraft.server.MinecraftServer/]: Can't keep up! Is the server overloaded? Running 6011ms or 120 ticks behind
[01May2025 00:09:46.636] [Server thread/WARN] [net.minecraft.server.MinecraftServer/]: Can't keep up! Is the server overloaded? Running 6291ms or 125 ticks behind
[01May2025 00:10:09.045] [Server thread/WARN] [net.minecraft.server.MinecraftServer/]: Can't keep up! Is the server overloaded? Running 7450ms or 149 ticks behind
[01May2025 00:10:31.509] [Server thread/WARN] [net.minecraft.server.MinecraftServer/]: Can't keep up! Is the server overloaded? Running 7464ms or 149 ticks behind
[01May2025 00:10:54.838] [Server thread/WARN] [net.minecraft.server.MinecraftServer/]: Can't keep up! Is the server overloaded? Running 8343ms or 166 ticks behind
[01May2025 00:10:55.916] [Server thread/INFO] [net.minecraft.server.dedicated.DedicatedServer/]: [Miglaitor_: Set own game mode to Creative Mode]
[01May2025 00:11:14.268] [Server thread/INFO] [net.minecraft.server.dedicated.DedicatedServer/]: <eldanidani> estoy
[01May2025 00:11:15.241] [Server thread/INFO] [net.minecraft.server.dedicated.DedicatedServer/]: Freacklock has made the advancement [Enchanting Tower]
[01May2025 00:11:19.259] [Server thread/INFO] [net.minecraft.server.dedicated.DedicatedServer/]: <eldanidani> estoy cachondo
[01May2025 00:11:22.714] [Server thread/WARN] [net.minecraft.server.MinecraftServer/]: Can't keep up! Is the server overloaded? Running 12919ms or 258 ticks behind
[01May2025 00:11:27.905] [Server thread/INFO] [net.minecraft.server.dedicated.DedicatedServer/]: <eldanidani> fernan chupa
[01May2025 00:11:48.744] [Server thread/WARN] [net.minecraft.server.MinecraftServer/]: Can't keep up! Is the server overloaded? Running 11049ms or 220 ticks behind
[01May2025 00:12:11.302] [Server thread/WARN] [net.minecraft.tileentity.TileEntity/]: Block entity invalid: minecraft:trapped_chest @ BlockPos{x=-71, y=40, z=468}
[01May2025 00:12:12.423] [Server thread/WARN] [net.minecraft.server.MinecraftServer/]: Can't keep up! Is the server overloaded? Running 8728ms or 174 ticks behind
[01May2025 00:12:24.119] [Server thread/ERROR] [noobanidus.mods.lootr.Lootr/]: Unable to fill loot chest in ResourceKey[minecraft:dimension / minecraft:overworld] at BlockPos{x=23, y=71, z=503} as the loot table 'mineminenomi:chests/marine_small_base/food' couldn't be resolved! Please search the loot table in `latest.log` to see if there are errors in loading.
[01May2025 00:12:36.545] [Server thread/WARN] [net.minecraft.server.MinecraftServer/]: Can't keep up! Is the server overloaded? Running 9150ms or 183 ticks behind
[01May2025 00:12:42.273] [Server thread/INFO] [net.minecraft.server.dedicated.DedicatedServer/]: [Miglaitor_: Teleported imsxs to Miglaitor_]
[01May2025 00:12:56.220] [Server thread/WARN] [net.minecraft.server.MinecraftServer/]: Can't keep up! Is the server overloaded? Running 4675ms or 93 ticks behind
[01May2025 00:13:16.446] [Server thread/WARN] [net.minecraft.server.MinecraftServer/]: Can't keep up! Is the server overloaded? Running 5251ms or 105 ticks behind
[01May2025 00:13:37.255] [Server thread/WARN] [net.minecraft.server.MinecraftServer/]: Can't keep up! Is the server overloaded? Running 5810ms or 116 ticks behind
[01May2025 00:13:58.922] [Server thread/WARN] [net.minecraft.server.MinecraftServer/]: Can't keep up! Is the server overloaded? Running 6677ms or 133 ticks behind
[01May2025 00:14:21.556] [Server thread/WARN] [net.minecraft.server.MinecraftServer/]: Can't keep up! Is the server overloaded? Running 7661ms or 153 ticks behind
[01May2025 00:14:43.788] [Server thread/WARN] [net.minecraft.server.MinecraftServer/]: Can't keep up! Is the server overloaded? Running 7243ms or 144 ticks behind
[01May2025 00:15:06.005] [Server thread/WARN] [net.minecraft.server.MinecraftServer/]: Can't keep up! Is the server overloaded? Running 7260ms or 145 ticks behind
[01May2025 00:15:30.145] [Server thread/INFO] [net.minecraft.server.dedicated.DedicatedServer/]: [Miglaitor_: Set own game mode to Survival Mode]
[01May2025 00:15:30.754] [Server thread/WARN] [net.minecraft.server.MinecraftServer/]: Can't keep up! Is the server overloaded? Running 9759ms or 195 ticks behind
[01May2025 00:15:37.265] [Server thread/INFO] [net.minecraft.server.dedicated.DedicatedServer/]: [Miglaitor_: Set own game mode to Creative Mode]
[01May2025 00:15:41.605] [Server thread/INFO] [net.minecraft.server.dedicated.DedicatedServer/]: <eldanidani> alguien tiene huesos?
[01May2025 00:15:48.071] [Server thread/INFO] [net.minecraft.server.dedicated.DedicatedServer/]: <eldanidani> 20 me vale
[01May2025 00:15:48.581] [Server thread/INFO] [net.minecraft.server.dedicated.DedicatedServer/]: [Miglaitor_: Set own game mode to Survival Mode]
[01May2025 00:15:53.910] [Server thread/WARN] [net.minecraft.server.MinecraftServer/]: Can't keep up! Is the server overloaded? Running 8165ms or 163 ticks behind
[01May2025 00:16:01.827] [Server thread/INFO] [net.minecraft.server.dedicated.DedicatedServer/]: <Freacklock> si
[01May2025 00:16:04.947] [Server thread/INFO] [net.minecraft.server.dedicated.DedicatedServer/]: <eldanidani> cuanto
[01May2025 00:16:08.965] [Server thread/INFO] [net.minecraft.server.dedicated.DedicatedServer/]: <Freacklock> 20000k
[01May2025 00:16:13.177] [Server thread/INFO] [net.minecraft.server.dedicated.DedicatedServer/]: <eldanidani> bro
[01May2025 00:16:17.680] [Server thread/INFO] [net.minecraft.server.dedicated.DedicatedServer/]: <eldanidani> tengo 10k
[01May2025 00:16:18.966] [Server thread/WARN] [net.minecraft.server.MinecraftServer/]: Can't keep up! Is the server overloaded? Running 10071ms or 201 ticks behind
[01May2025 00:16:22.333] [Server thread/INFO] [net.minecraft.server.dedicated.DedicatedServer/]: <Freacklock> al enemigo ni agua
[01May2025 00:16:32.010] [Server thread/INFO] [net.minecraft.server.dedicated.DedicatedServer/]: <eldanidani> vale vale
[01May2025 00:16:39.246] [Server thread/WARN] [net.minecraft.server.MinecraftServer/]: Can't keep up! Is the server overloaded? Running 5301ms or 106 ticks behind
[01May2025 00:17:03.026] [Server thread/WARN] [net.minecraft.server.MinecraftServer/]: Can't keep up! Is the server overloaded? Running 8781ms or 175 ticks behind
[01May2025 00:17:25.902] [Server thread/WARN] [net.minecraft.server.management.PlayerInteractionManager/]: Mismatch in destroy block pos: BlockPos{x=21, y=79, z=515} BlockPos{x=-438, y=68, z=1162}
[01May2025 00:17:30.175] [Server thread/WARN] [net.minecraft.server.management.PlayerInteractionManager/]: Mismatch in destroy block pos: BlockPos{x=21, y=79, z=515} BlockPos{x=-437, y=68, z=1166}
[01May2025 00:17:35.834] [Server thread/WARN] [net.minecraft.server.MinecraftServer/]: Can't keep up! Is the server overloaded? Running 17839ms or 356 ticks behind
[01May2025 00:18:49.762] [Server Watchdog/FATAL] [net.minecraft.server.dedicated.ServerHangWatchdog/]: A single server tick took 60.00 seconds (should be max 0.05)
[01May2025 00:18:49.826] [Server Watchdog/FATAL] [net.minecraft.server.dedicated.ServerHangWatchdog/]: Considering it to be crashed, server will forcibly shutdown.
[01May2025 00:18:52.101] [Server Watchdog/FATAL] [net.minecraftforge.common.ForgeMod/]: Preparing crash report with UUID b0ff7e9f-c1c1-47d4-93e0-7afb46794b3f
[01May2025 00:18:52.151] [Server Watchdog/INFO] [STDOUT/]: [net.minecraft.util.registry.Bootstrap:func_179870_a:123]: Crash report:
---- Minecraft Crash Report ----
// Oh - I know what I did wrong!

Time: 5/1/25, 12:18 AM
Description: Watching Server

java.lang.Error: ServerHangWatchdog detected that a single server tick took 60.00 seconds (should be max 0.05)
	at net.minecraft.entity.ai.controller.LookController.func_75649_a(SourceFile:61) ~[?:?] {re:classloading}
	at net.minecraft.entity.MobEntity.func_70626_be(MobEntity.java:694) ~[?:?] {re:mixin,pl:accesstransformer:B,pl:runtimedistcleaner:A,re:classloading,pl:accesstransformer:B,pl:mixin:APP:mine-mine-no-mi.mixins.json:MobEntityMixin,pl:mixin:A,pl:runtimedistcleaner:A}
	at net.minecraft.entity.LivingEntity.func_70636_d(LivingEntity.java:2413) ~[?:?] {re:mixin,pl:accesstransformer:B,pl:runtimedistcleaner:A,re:classloading,pl:accesstransformer:B,pl:mixin:APP:mine-mine-no-mi.mixins.json:LivingEntityMixin,pl:mixin:APP:citadel.mixins.json:LivingEntityMixin,pl:mixin:APP:supplementaries.mixins.json:LivingEntityMixin,pl:mixin:APP:cavesandcliffs.mixins.json:common.entity.LivingEntityMixin,pl:mixin:APP:cavesandcliffs.mixins.json:core.accessor.LivingEntityAccessor,pl:mixin:APP:parcool.mixins.json:common.LivingEntityMixin,pl:mixin:APP:valkyrienskies-common.mixins.json:feature.ladders.MixinLivingEntity,pl:mixin:APP:expandability.mixins.json:swimming.LivingEntityMixin,pl:mixin:APP:vanishmod.mixins.json:world.MixinLivingEntity,pl:mixin:A,pl:runtimedistcleaner:A}
	at net.minecraft.entity.MobEntity.func_70636_d(MobEntity.java:488) ~[?:?] {re:mixin,pl:accesstransformer:B,pl:runtimedistcleaner:A,re:classloading,pl:accesstransformer:B,pl:mixin:APP:mine-mine-no-mi.mixins.json:MobEntityMixin,pl:mixin:A,pl:runtimedistcleaner:A}
	at net.minecraft.entity.monster.MonsterEntity.func_70636_d(SourceFile:43) ~[?:?] {re:mixin,re:classloading,pl:mixin:APP:cavesandcliffs.mixins.json:common.entity.MonsterEntityMixin,pl:mixin:A}
	at net.minecraft.entity.monster.AbstractSkeletonEntity.func_70636_d(AbstractSkeletonEntity.java:116) ~[?:?] {re:mixin,pl:accesstransformer:B,xf:fml:forge:bows.5,xf:fml:forge:bows.4,re:classloading,pl:accesstransformer:B,xf:fml:forge:bows.5,xf:fml:forge:bows.4}
	at net.minecraft.entity.LivingEntity.func_70071_h_(LivingEntity.java:2160) ~[?:?] {re:mixin,pl:accesstransformer:B,pl:runtimedistcleaner:A,re:classloading,pl:accesstransformer:B,pl:mixin:APP:mine-mine-no-mi.mixins.json:LivingEntityMixin,pl:mixin:APP:citadel.mixins.json:LivingEntityMixin,pl:mixin:APP:supplementaries.mixins.json:LivingEntityMixin,pl:mixin:APP:cavesandcliffs.mixins.json:common.entity.LivingEntityMixin,pl:mixin:APP:cavesandcliffs.mixins.json:core.accessor.LivingEntityAccessor,pl:mixin:APP:parcool.mixins.json:common.LivingEntityMixin,pl:mixin:APP:valkyrienskies-common.mixins.json:feature.ladders.MixinLivingEntity,pl:mixin:APP:expandability.mixins.json:swimming.LivingEntityMixin,pl:mixin:APP:vanishmod.mixins.json:world.MixinLivingEntity,pl:mixin:A,pl:runtimedistcleaner:A}
	at net.minecraft.entity.MobEntity.func_70071_h_(MobEntity.java:300) ~[?:?] {re:mixin,pl:accesstransformer:B,pl:runtimedistcleaner:A,re:classloading,pl:accesstransformer:B,pl:mixin:APP:mine-mine-no-mi.mixins.json:MobEntityMixin,pl:mixin:A,pl:runtimedistcleaner:A}
	at net.minecraft.entity.monster.SkeletonEntity.func_70071_h_(SourceFile:561) ~[?:?] {re:mixin,pl:accesstransformer:B,re:classloading,pl:accesstransformer:B,pl:mixin:APP:cavesandcliffs.mixins.json:common.entity.SkeletonEntityMixin,pl:mixin:A}
	at net.minecraft.world.server.ServerWorld.func_217479_a(ServerWorld.java:612) ~[?:?] {re:mixin,pl:accesstransformer:B,pl:runtimedistcleaner:A,re:computing_frames,pl:accesstransformer:B,pl:runtimedistcleaner:A,re:classloading,pl:accesstransformer:B,pl:mixin:APP:mine-mine-no-mi.mixins.json:IServerWorldMixin,pl:mixin:APP:abnormals_core.mixins.json:ServerWorldMixin,pl:mixin:APP:cavesandcliffs.mixins.json:common.world.gen.ServerWorldMixin,pl:mixin:APP:quark.mixins.json:ServerWorldMixin,pl:mixin:APP:cavebiomeapi.mixins.json:common.ServerLevelMixin,pl:mixin:APP:valkyrienskies-common.mixins.json:server.world.MixinServerLevel,pl:mixin:APP:vanishmod.mixins.json:sound.MixinServerWorld,pl:mixin:A,pl:runtimedistcleaner:A}
	at net.minecraft.world.server.ServerWorld$$Lambda$16458/0x00000008426bb440.accept(Unknown Source) ~[?:?] {}
	at net.minecraft.world.World.func_217390_a(World.java:554) ~[?:?] {re:mixin,pl:accesstransformer:B,pl:runtimedistcleaner:A,re:computing_frames,pl:accesstransformer:B,pl:runtimedistcleaner:A,re:classloading,pl:accesstransformer:B,pl:mixin:APP:mine-mine-no-mi.mixins.json:WorldMixin,pl:mixin:APP:sereneseasons.mixins.json:MixinWorld,pl:mixin:APP:cavebiomeapi.mixins.json:common.LevelMixin,pl:mixin:APP:lootr.mixins.json:MixinWorld,pl:mixin:APP:valkyrienskies-common.mixins.json:feature.clip_replace.MixinLevel,pl:mixin:APP:valkyrienskies-common.mixins.json:world.MixinLevel,pl:mixin:A,pl:runtimedistcleaner:A}
	at net.minecraft.world.server.ServerWorld.func_72835_b(ServerWorld.java:405) ~[?:?] {re:mixin,pl:accesstransformer:B,pl:runtimedistcleaner:A,re:computing_frames,pl:accesstransformer:B,pl:runtimedistcleaner:A,re:classloading,pl:accesstransformer:B,pl:mixin:APP:mine-mine-no-mi.mixins.json:IServerWorldMixin,pl:mixin:APP:abnormals_core.mixins.json:ServerWorldMixin,pl:mixin:APP:cavesandcliffs.mixins.json:common.world.gen.ServerWorldMixin,pl:mixin:APP:quark.mixins.json:ServerWorldMixin,pl:mixin:APP:cavebiomeapi.mixins.json:common.ServerLevelMixin,pl:mixin:APP:valkyrienskies-common.mixins.json:server.world.MixinServerLevel,pl:mixin:APP:vanishmod.mixins.json:sound.MixinServerWorld,pl:mixin:A,pl:runtimedistcleaner:A}
	at net.minecraft.server.MinecraftServer.func_71190_q(MinecraftServer.java:851) ~[?:?] {re:mixin,pl:accesstransformer:B,pl:runtimedistcleaner:A,re:classloading,pl:accesstransformer:B,pl:mixin:APP:valkyrienskies-common.mixins.json:server.MixinMinecraftServer,pl:mixin:A,pl:runtimedistcleaner:A}
	at net.minecraft.server.dedicated.DedicatedServer.func_71190_q(DedicatedServer.java:291) ~[?:?] {re:classloading,pl:accesstransformer:B}
	at net.minecraft.server.MinecraftServer.func_71217_p(MinecraftServer.java:787) ~[?:?] {re:mixin,pl:accesstransformer:B,pl:runtimedistcleaner:A,re:classloading,pl:accesstransformer:B,pl:mixin:APP:valkyrienskies-common.mixins.json:server.MixinMinecraftServer,pl:mixin:A,pl:runtimedistcleaner:A}
	at net.minecraft.server.MinecraftServer.func_240802_v_(MinecraftServer.java:642) ~[?:?] {re:mixin,pl:accesstransformer:B,pl:runtimedistcleaner:A,re:classloading,pl:accesstransformer:B,pl:mixin:APP:valkyrienskies-common.mixins.json:server.MixinMinecraftServer,pl:mixin:A,pl:runtimedistcleaner:A}
	at net.minecraft.server.MinecraftServer.func_240783_a_(MinecraftServer.java:232) ~[?:?] {re:mixin,pl:accesstransformer:B,pl:runtimedistcleaner:A,re:classloading,pl:accesstransformer:B,pl:mixin:APP:valkyrienskies-common.mixins.json:server.MixinMinecraftServer,pl:mixin:A,pl:runtimedistcleaner:A}
	at net.minecraft.server.MinecraftServer$$Lambda$15378/0x0000000842440c40.run(Unknown Source) ~[?:?] {}
	at java.lang.Thread.run(Thread.java:829) [?:?] {}


A detailed walkthrough of the error, its code path and all known details is as follows:
---------------------------------------------------------------------------------------

-- Head --
Thread: Server Watchdog
Stacktrace:
	at net.minecraft.entity.ai.controller.LookController.func_75649_a(SourceFile:61) ~[?:?] {re:classloading}
	at net.minecraft.entity.MobEntity.func_70626_be(MobEntity.java:694) ~[?:?] {re:mixin,pl:accesstransformer:B,pl:runtimedistcleaner:A,re:classloading,pl:accesstransformer:B,pl:mixin:APP:mine-mine-no-mi.mixins.json:MobEntityMixin,pl:mixin:A,pl:runtimedistcleaner:A}
	at net.minecraft.entity.LivingEntity.func_70636_d(LivingEntity.java:2413) ~[?:?] {re:mixin,pl:accesstransformer:B,pl:runtimedistcleaner:A,re:classloading,pl:accesstransformer:B,pl:mixin:APP:mine-mine-no-mi.mixins.json:LivingEntityMixin,pl:mixin:APP:citadel.mixins.json:LivingEntityMixin,pl:mixin:APP:supplementaries.mixins.json:LivingEntityMixin,pl:mixin:APP:cavesandcliffs.mixins.json:common.entity.LivingEntityMixin,pl:mixin:APP:cavesandcliffs.mixins.json:core.accessor.LivingEntityAccessor,pl:mixin:APP:parcool.mixins.json:common.LivingEntityMixin,pl:mixin:APP:valkyrienskies-common.mixins.json:feature.ladders.MixinLivingEntity,pl:mixin:APP:expandability.mixins.json:swimming.LivingEntityMixin,pl:mixin:APP:vanishmod.mixins.json:world.MixinLivingEntity,pl:mixin:A,pl:runtimedistcleaner:A}
	at net.minecraft.entity.MobEntity.func_70636_d(MobEntity.java:488) ~[?:?] {re:mixin,pl:accesstransformer:B,pl:runtimedistcleaner:A,re:classloading,pl:accesstransformer:B,pl:mixin:APP:mine-mine-no-mi.mixins.json:MobEntityMixin,pl:mixin:A,pl:runtimedistcleaner:A}
	at net.minecraft.entity.monster.MonsterEntity.func_70636_d(SourceFile:43) ~[?:?] {re:mixin,re:classloading,pl:mixin:APP:cavesandcliffs.mixins.json:common.entity.MonsterEntityMixin,pl:mixin:A}
	at net.minecraft.entity.monster.AbstractSkeletonEntity.func_70636_d(AbstractSkeletonEntity.java:116) ~[?:?] {re:mixin,pl:accesstransformer:B,xf:fml:forge:bows.5,xf:fml:forge:bows.4,re:classloading,pl:accesstransformer:B,xf:fml:forge:bows.5,xf:fml:forge:bows.4}
	at net.minecraft.entity.LivingEntity.func_70071_h_(LivingEntity.java:2160) ~[?:?] {re:mixin,pl:accesstransformer:B,pl:runtimedistcleaner:A,re:classloading,pl:accesstransformer:B,pl:mixin:APP:mine-mine-no-mi.mixins.json:LivingEntityMixin,pl:mixin:APP:citadel.mixins.json:LivingEntityMixin,pl:mixin:APP:supplementaries.mixins.json:LivingEntityMixin,pl:mixin:APP:cavesandcliffs.mixins.json:common.entity.LivingEntityMixin,pl:mixin:APP:cavesandcliffs.mixins.json:core.accessor.LivingEntityAccessor,pl:mixin:APP:parcool.mixins.json:common.LivingEntityMixin,pl:mixin:APP:valkyrienskies-common.mixins.json:feature.ladders.MixinLivingEntity,pl:mixin:APP:expandability.mixins.json:swimming.LivingEntityMixin,pl:mixin:APP:vanishmod.mixins.json:world.MixinLivingEntity,pl:mixin:A,pl:runtimedistcleaner:A}
	at net.minecraft.entity.MobEntity.func_70071_h_(MobEntity.java:300) ~[?:?] {re:mixin,pl:accesstransformer:B,pl:runtimedistcleaner:A,re:classloading,pl:accesstransformer:B,pl:mixin:APP:mine-mine-no-mi.mixins.json:MobEntityMixin,pl:mixin:A,pl:runtimedistcleaner:A}
	at net.minecraft.entity.monster.SkeletonEntity.func_70071_h_(SourceFile:561) ~[?:?] {re:mixin,pl:accesstransformer:B,re:classloading,pl:accesstransformer:B,pl:mixin:APP:cavesandcliffs.mixins.json:common.entity.SkeletonEntityMixin,pl:mixin:A}
	at net.minecraft.world.server.ServerWorld.func_217479_a(ServerWorld.java:612) ~[?:?] {re:mixin,pl:accesstransformer:B,pl:runtimedistcleaner:A,re:computing_frames,pl:accesstransformer:B,pl:runtimedistcleaner:A,re:classloading,pl:accesstransformer:B,pl:mixin:APP:mine-mine-no-mi.mixins.json:IServerWorldMixin,pl:mixin:APP:abnormals_core.mixins.json:ServerWorldMixin,pl:mixin:APP:cavesandcliffs.mixins.json:common.world.gen.ServerWorldMixin,pl:mixin:APP:quark.mixins.json:ServerWorldMixin,pl:mixin:APP:cavebiomeapi.mixins.json:common.ServerLevelMixin,pl:mixin:APP:valkyrienskies-common.mixins.json:server.world.MixinServerLevel,pl:mixin:APP:vanishmod.mixins.json:sound.MixinServerWorld,pl:mixin:A,pl:runtimedistcleaner:A}
	at net.minecraft.world.server.ServerWorld$$Lambda$16458/0x00000008426bb440.accept(Unknown Source) ~[?:?] {}
	at net.minecraft.world.World.func_217390_a(World.java:554) ~[?:?] {re:mixin,pl:accesstransformer:B,pl:runtimedistcleaner:A,re:computing_frames,pl:accesstransformer:B,pl:runtimedistcleaner:A,re:classloading,pl:accesstransformer:B,pl:mixin:APP:mine-mine-no-mi.mixins.json:WorldMixin,pl:mixin:APP:sereneseasons.mixins.json:MixinWorld,pl:mixin:APP:cavebiomeapi.mixins.json:common.LevelMixin,pl:mixin:APP:lootr.mixins.json:MixinWorld,pl:mixin:APP:valkyrienskies-common.mixins.json:feature.clip_replace.MixinLevel,pl:mixin:APP:valkyrienskies-common.mixins.json:world.MixinLevel,pl:mixin:A,pl:runtimedistcleaner:A}
	at net.minecraft.world.server.ServerWorld.func_72835_b(ServerWorld.java:405) ~[?:?] {re:mixin,pl:accesstransformer:B,pl:runtimedistcleaner:A,re:computing_frames,pl:accesstransformer:B,pl:runtimedistcleaner:A,re:classloading,pl:accesstransformer:B,pl:mixin:APP:mine-mine-no-mi.mixins.json:IServerWorldMixin,pl:mixin:APP:abnormals_core.mixins.json:ServerWorldMixin,pl:mixin:APP:cavesandcliffs.mixins.json:common.world.gen.ServerWorldMixin,pl:mixin:APP:quark.mixins.json:ServerWorldMixin,pl:mixin:APP:cavebiomeapi.mixins.json:common.ServerLevelMixin,pl:mixin:APP:valkyrienskies-common.mixins.json:server.world.MixinServerLevel,pl:mixin:APP:vanishmod.mixins.json:sound.MixinServerWorld,pl:mixin:A,pl:runtimedistcleaner:A}
	at net.minecraft.server.MinecraftServer.func_71190_q(MinecraftServer.java:851) ~[?:?] {re:mixin,pl:accesstransformer:B,pl:runtimedistcleaner:A,re:classloading,pl:accesstransformer:B,pl:mixin:APP:valkyrienskies-common.mixins.json:server.MixinMinecraftServer,pl:mixin:A,pl:runtimedistcleaner:A}
	at net.minecraft.server.dedicated.DedicatedServer.func_71190_q(DedicatedServer.java:291) ~[?:?] {re:classloading,pl:accesstransformer:B}
	at net.minecraft.server.MinecraftServer.func_71217_p(MinecraftServer.java:787) ~[?:?] {re:mixin,pl:accesstransformer:B,pl:runtimedistcleaner:A,re:classloading,pl:accesstransformer:B,pl:mixin:APP:valkyrienskies-common.mixins.json:server.MixinMinecraftServer,pl:mixin:A,pl:runtimedistcleaner:A}
	at net.minecraft.server.MinecraftServer.func_240802_v_(MinecraftServer.java:642) ~[?:?] {re:mixin,pl:accesstransformer:B,pl:runtimedistcleaner:A,re:classloading,pl:accesstransformer:B,pl:mixin:APP:valkyrienskies-common.mixins.json:server.MixinMinecraftServer,pl:mixin:A,pl:runtimedistcleaner:A}
	at net.minecraft.server.MinecraftServer.func_240783_a_(MinecraftServer.java:232) ~[?:?] {re:mixin,pl:accesstransformer:B,pl:runtimedistcleaner:A,re:classloading,pl:accesstransformer:B,pl:mixin:APP:valkyrienskies-common.mixins.json:server.MixinMinecraftServer,pl:mixin:A,pl:runtimedistcleaner:A}
-- Thread Dump --
Details:
	Threads: "Reference Handler" daemon prio=10 Id=2 RUNNABLE
	at java.base@11.0.26/java.lang.ref.Reference.waitForReferencePendingList(Native Method)
	at java.base@11.0.26/java.lang.ref.Reference.processPendingReferences(Reference.java:241)
	at java.base@11.0.26/java.lang.ref.Reference$ReferenceHandler.run(Reference.java:213)


"Finalizer" daemon prio=8 Id=3 WAITING on java.lang.ref.ReferenceQueue$Lock@5183ef2d
	at java.base@11.0.26/java.lang.Object.wait(Native Method)
	-  waiting on java.lang.ref.ReferenceQueue$Lock@5183ef2d
	at java.base@11.0.26/java.lang.ref.ReferenceQueue.remove(ReferenceQueue.java:155)
	at java.base@11.0.26/java.lang.ref.ReferenceQueue.remove(ReferenceQueue.java:176)
	at java.base@11.0.26/java.lang.ref.Finalizer$FinalizerThread.run(Finalizer.java:170)


"Signal Dispatcher" daemon prio=9 Id=4 RUNNABLE


"Common-Cleaner" daemon prio=8 Id=10 TIMED_WAITING on java.lang.ref.ReferenceQueue$Lock@5060e7c4
	at java.base@11.0.26/java.lang.Object.wait(Native Method)
	-  waiting on java.lang.ref.ReferenceQueue$Lock@5060e7c4
	at java.base@11.0.26/java.lang.ref.ReferenceQueue.remove(ReferenceQueue.java:155)
	at java.base@11.0.26/jdk.internal.ref.CleanerImpl.run(CleanerImpl.java:148)
	at java.base@11.0.26/java.lang.Thread.run(Thread.java:829)
	at java.base@11.0.26/jdk.internal.misc.InnocuousThread.run(InnocuousThread.java:161)


"Thread-0" daemon prio=5 Id=19 TIMED_WAITING
	at java.base@11.0.26/jdk.internal.misc.Unsafe.park(Native Method)
	at java.base@11.0.26/java.util.concurrent.locks.LockSupport.parkNanos(LockSupport.java:357)
	at app//com.electronwill.nightconfig.core.file.FileWatcher$WatcherThread.run(FileWatcher.java:190)


"FileSystemWatchService" daemon prio=5 Id=20 RUNNABLE (in native)
	at java.base@11.0.26/sun.nio.fs.LinuxWatchService.poll(Native Method)
	at java.base@11.0.26/sun.nio.fs.LinuxWatchService$Poller.run(LinuxWatchService.java:316)
	at java.base@11.0.26/java.lang.Thread.run(Thread.java:829)


"Worker-Bootstrap-3" daemon prio=5 Id=25 WAITING on java.util.concurrent.ForkJoinPool@dc067af
	at java.base@11.0.26/jdk.internal.misc.Unsafe.park(Native Method)
	-  waiting on java.util.concurrent.ForkJoinPool@dc067af
	at java.base@11.0.26/java.util.concurrent.locks.LockSupport.park(LockSupport.java:194)
	at java.base@11.0.26/java.util.concurrent.ForkJoinPool.runWorker(ForkJoinPool.java:1628)
	at java.base@11.0.26/java.util.concurrent.ForkJoinWorkerThread.run(ForkJoinWorkerThread.java:183)


"Timer hack thread" daemon prio=5 Id=26 TIMED_WAITING
	at java.base@11.0.26/java.lang.Thread.sleep(Native Method)
	at net.minecraft.util.Util$6.run(Util.java:505)


"modloading-worker-3" daemon prio=5 Id=30 WAITING on java.util.concurrent.ForkJoinPool@44477363
	at java.base@11.0.26/jdk.internal.misc.Unsafe.park(Native Method)
	-  waiting on java.util.concurrent.ForkJoinPool@44477363
	at java.base@11.0.26/java.util.concurrent.locks.LockSupport.park(LockSupport.java:194)
	at java.base@11.0.26/java.util.concurrent.ForkJoinPool.runWorker(ForkJoinPool.java:1628)
	at java.base@11.0.26/java.util.concurrent.ForkJoinWorkerThread.run(ForkJoinWorkerThread.java:183)


"Keep-Alive-SocketCleaner" daemon prio=8 Id=35 WAITING on sun.net.www.http.KeepAliveStreamCleaner@4291a60c
	at java.base@11.0.26/java.lang.Object.wait(Native Method)
	-  waiting on sun.net.www.http.KeepAliveStreamCleaner@4291a60c
	at java.base@11.0.26/sun.net.www.http.KeepAliveStreamCleaner.run(KeepAliveStreamCleaner.java:101)
	at java.base@11.0.26/java.lang.Thread.run(Thread.java:829)
	at java.base@11.0.26/jdk.internal.misc.InnocuousThread.run(InnocuousThread.java:161)


"FileSystemWatchService" daemon prio=5 Id=36 RUNNABLE (in native)
	at java.base@11.0.26/sun.nio.fs.LinuxWatchService.poll(Native Method)
	at java.base@11.0.26/sun.nio.fs.LinuxWatchService$Poller.run(LinuxWatchService.java:316)
	at java.base@11.0.26/java.lang.Thread.run(Thread.java:829)


"FileSystemWatchService" daemon prio=5 Id=37 RUNNABLE (in native)
	at java.base@11.0.26/sun.nio.fs.LinuxWatchService.poll(Native Method)
	at java.base@11.0.26/sun.nio.fs.LinuxWatchService$Poller.run(LinuxWatchService.java:316)
	at java.base@11.0.26/java.lang.Thread.run(Thread.java:829)


"ConfigSaver" daemon prio=5 Id=43 WAITING on java.util.concurrent.locks.AbstractQueuedSynchronizer$ConditionObject@1518375d
	at java.base@11.0.26/jdk.internal.misc.Unsafe.park(Native Method)
	-  waiting on java.util.concurrent.locks.AbstractQueuedSynchronizer$ConditionObject@1518375d
	at java.base@11.0.26/java.util.concurrent.locks.LockSupport.park(LockSupport.java:194)
	at java.base@11.0.26/java.util.concurrent.locks.AbstractQueuedSynchronizer$ConditionObject.await(AbstractQueuedSynchronizer.java:2081)
	at java.base@11.0.26/java.util.concurrent.LinkedBlockingQueue.take(LinkedBlockingQueue.java:433)
	at java.base@11.0.26/java.util.concurrent.ThreadPoolExecutor.getTask(ThreadPoolExecutor.java:1054)
	at java.base@11.0.26/java.util.concurrent.ThreadPoolExecutor.runWorker(ThreadPoolExecutor.java:1114)
	at java.base@11.0.26/java.util.concurrent.ThreadPoolExecutor$Worker.run(ThreadPoolExecutor.java:628)
	at java.base@11.0.26/java.lang.Thread.run(Thread.java:829)


"Worker-Main-4" daemon prio=5 Id=50 TIMED_WAITING on java.util.concurrent.ForkJoinPool@1bebc74e
	at java.base@11.0.26/jdk.internal.misc.Unsafe.park(Native Method)
	-  waiting on java.util.concurrent.ForkJoinPool@1bebc74e
	at java.base@11.0.26/java.util.concurrent.locks.LockSupport.parkUntil(LockSupport.java:275)
	at java.base@11.0.26/java.util.concurrent.ForkJoinPool.runWorker(ForkJoinPool.java:1619)
	at java.base@11.0.26/java.util.concurrent.ForkJoinWorkerThread.run(ForkJoinWorkerThread.java:183)


"Worker-Main-5" daemon prio=5 Id=51 WAITING on java.util.concurrent.ForkJoinPool@1bebc74e
	at java.base@11.0.26/jdk.internal.misc.Unsafe.park(Native Method)
	-  waiting on java.util.concurrent.ForkJoinPool@1bebc74e
	at java.base@11.0.26/java.util.concurrent.locks.LockSupport.park(LockSupport.java:194)
	at java.base@11.0.26/java.util.concurrent.ForkJoinPool.runWorker(ForkJoinPool.java:1628)
	at java.base@11.0.26/java.util.concurrent.ForkJoinWorkerThread.run(ForkJoinWorkerThread.java:183)


"Worker-Main-6" daemon prio=5 Id=52 WAITING on java.util.concurrent.ForkJoinPool@1bebc74e
	at java.base@11.0.26/jdk.internal.misc.Unsafe.park(Native Method)
	-  waiting on java.util.concurrent.ForkJoinPool@1bebc74e
	at java.base@11.0.26/java.util.concurrent.locks.LockSupport.park(LockSupport.java:194)
	at java.base@11.0.26/java.util.concurrent.ForkJoinPool.runWorker(ForkJoinPool.java:1628)
	at java.base@11.0.26/java.util.concurrent.ForkJoinWorkerThread.run(ForkJoinWorkerThread.java:183)


"Snooper Timer" daemon prio=5 Id=54 WAITING on java.util.TaskQueue@6448633b
	at java.base@11.0.26/java.lang.Object.wait(Native Method)
	-  waiting on java.util.TaskQueue@6448633b
	at java.base@11.0.26/java.lang.Object.wait(Object.java:328)
	at java.base@11.0.26/java.util.TimerThread.mainLoop(Timer.java:527)
	at java.base@11.0.26/java.util.TimerThread.run(Timer.java:506)


"Server thread" prio=5 Id=53 RUNNABLE
	at net.minecraft.entity.ai.controller.LookController.func_75649_a(SourceFile:61)
	at net.minecraft.entity.MobEntity.func_70626_be(MobEntity.java:694)
	at net.minecraft.entity.LivingEntity.func_70636_d(LivingEntity.java:2413)
	at net.minecraft.entity.MobEntity.func_70636_d(MobEntity.java:488)
	at net.minecraft.entity.monster.MonsterEntity.func_70636_d(SourceFile:43)
	at net.minecraft.entity.monster.AbstractSkeletonEntity.func_70636_d(AbstractSkeletonEntity.java:116)
	at net.minecraft.entity.LivingEntity.func_70071_h_(LivingEntity.java:2160)
	at net.minecraft.entity.MobEntity.func_70071_h_(MobEntity.java:300)
	...


"DestroyJavaVM" prio=5 Id=56 RUNNABLE


"Server console handler" daemon prio=5 Id=57 RUNNABLE
	at java.base@11.0.26/java.io.FileInputStream.read0(Native Method)
	at java.base@11.0.26/java.io.FileInputStream.read(FileInputStream.java:231)
	at app//org.jline.terminal.impl.AbstractPty$PtyInputStream.read(AbstractPty.java:73)
	at app//org.jline.utils.NonBlockingInputStream.read(NonBlockingInputStream.java:62)
	at app//org.jline.utils.NonBlocking$NonBlockingInputStreamReader.read(NonBlocking.java:168)
	at app//org.jline.utils.NonBlockingReader.read(NonBlockingReader.java:57)
	at app//org.jline.keymap.BindingReader.readCharacter(BindingReader.java:133)
	at app//org.jline.keymap.BindingReader.readBinding(BindingReader.java:110)
	...


"ObjectCleanerThread" daemon prio=1 Id=60 TIMED_WAITING on java.lang.ref.ReferenceQueue$Lock@2b261878
	at java.base@11.0.26/java.lang.Object.wait(Native Method)
	-  waiting on java.lang.ref.ReferenceQueue$Lock@2b261878
	at java.base@11.0.26/java.lang.ref.ReferenceQueue.remove(ReferenceQueue.java:155)
	at app//io.netty.util.internal.ObjectCleaner$1.run(ObjectCleaner.java:54)
	at app//io.netty.util.concurrent.FastThreadLocalRunnable.run(FastThreadLocalRunnable.java:30)
	at java.base@11.0.26/java.lang.Thread.run(Thread.java:829)


"Netty Epoll Server IO #0" daemon prio=5 Id=61 RUNNABLE
	at app//io.netty.channel.epoll.Native.epollWait0(Native Method)
	at app//io.netty.channel.epoll.Native.epollWait(Native.java:114)
	at app//io.netty.channel.epoll.EpollEventLoop.epollWait(EpollEventLoop.java:239)
	at app//io.netty.channel.epoll.EpollEventLoop.run(EpollEventLoop.java:256)
	at app//io.netty.util.concurrent.SingleThreadEventExecutor$5.run(SingleThreadEventExecutor.java:884)
	at java.base@11.0.26/java.lang.Thread.run(Thread.java:829)


"FileSystemWatchService" daemon prio=5 Id=62 RUNNABLE (in native)
	at java.base@11.0.26/sun.nio.fs.LinuxWatchService.poll(Native Method)
	at java.base@11.0.26/sun.nio.fs.LinuxWatchService$Poller.run(LinuxWatchService.java:316)
	at java.base@11.0.26/java.lang.Thread.run(Thread.java:829)


"Thread-9" prio=5 Id=63 RUNNABLE (in native)
	at java.base@11.0.26/java.net.PlainDatagramSocketImpl.receive0(Native Method)
	-  locked java.net.PlainDatagramSocketImpl@7fd0609e
	at java.base@11.0.26/java.net.AbstractPlainDatagramSocketImpl.receive(AbstractPlainDatagramSocketImpl.java:200)
	-  locked java.net.PlainDatagramSocketImpl@7fd0609e
	at java.base@11.0.26/java.net.DatagramSocket.receive(DatagramSocket.java:814)
	-  locked java.net.DatagramPacket@3ac4099d
	-  locked java.net.DatagramSocket@1d32f445
	at org.valkyrienskies.core.networking.UdpServerImpl.run(UdpServerImpl.kt:66)
	at org.valkyrienskies.core.networking.UdpServerImpl$$Lambda$15646/0x000000084251f040.run(Unknown Source)
	at java.base@11.0.26/java.lang.Thread.run(Thread.java:829)


"Physics thread" prio=8 Id=64 RUNNABLE
	at org.valkyrienskies.core.pipelines.VSPhysicsPipelineBackgroundTask.run(VSPhysicsPipelineBackgroundTask.kt:80)
	at org.valkyrienskies.core.pipelines.VSPipeline$physicsThread$1.invoke(VSPipeline.kt:63)
	at org.valkyrienskies.core.pipelines.VSPipeline$physicsThread$1.invoke(VSPipeline.kt:62)
	at kotlin.concurrent.ThreadsKt$thread$thread$1.run(Thread.kt:30)


"Server Watchdog" daemon prio=5 Id=71 RUNNABLE
	at java.management@11.0.26/sun.management.ThreadImpl.dumpThreads0(Native Method)
	at java.management@11.0.26/sun.management.ThreadImpl.dumpAllThreads(ThreadImpl.java:528)
	at java.management@11.0.26/sun.management.ThreadImpl.dumpAllThreads(ThreadImpl.java:516)
	at net.minecraft.server.dedicated.ServerHangWatchdog.run(ServerHangWatchdog.java:41)
	at java.base@11.0.26/java.lang.Thread.run(Thread.java:829)


"VoiceChatPacketProcessingThread" daemon prio=5 Id=73 TIMED_WAITING on java.util.concurrent.locks.AbstractQueuedSynchronizer$ConditionObject@6ccca43
	at java.base@11.0.26/jdk.internal.misc.Unsafe.park(Native Method)
	-  waiting on java.util.concurrent.locks.AbstractQueuedSynchronizer$ConditionObject@6ccca43
	at java.base@11.0.26/java.util.concurrent.locks.LockSupport.parkNanos(LockSupport.java:234)
	at java.base@11.0.26/java.util.concurrent.locks.AbstractQueuedSynchronizer$ConditionObject.awaitNanos(AbstractQueuedSynchronizer.java:2123)
	at java.base@11.0.26/java.util.concurrent.LinkedBlockingQueue.poll(LinkedBlockingQueue.java:458)
	at de.maxhenkel.voicechat.voice.server.Server$ProcessThread.run(Server.java:234)


"VoiceChatServerThread" daemon prio=5 Id=72 RUNNABLE (in native)
	at java.base@11.0.26/java.net.PlainDatagramSocketImpl.receive0(Native Method)
	-  locked java.net.PlainDatagramSocketImpl@7ae48e94
	at java.base@11.0.26/java.net.AbstractPlainDatagramSocketImpl.receive(AbstractPlainDatagramSocketImpl.java:200)
	-  locked java.net.PlainDatagramSocketImpl@7ae48e94
	at java.base@11.0.26/java.net.DatagramSocket.receive(DatagramSocket.java:814)
	-  locked java.net.DatagramPacket@60f6f8b4
	-  locked java.net.DatagramSocket@6aecb833
	at de.maxhenkel.voicechat.plugins.impl.VoicechatSocketBase.read(VoicechatSocketBase.java:13)
	at de.maxhenkel.voicechat.plugins.impl.VoicechatSocketImpl.read(VoicechatSocketImpl.java:72)
	at de.maxhenkel.voicechat.voice.server.Server.run(Server.java:112)


"Netty Epoll Server IO #1" daemon prio=5 Id=74 RUNNABLE
	at app//io.netty.channel.epoll.Native.epollWait0(Native Method)
	at app//io.netty.channel.epoll.Native.epollWait(Native.java:114)
	at app//io.netty.channel.epoll.EpollEventLoop.epollWait(EpollEventLoop.java:239)
	at app//io.netty.channel.epoll.EpollEventLoop.run(EpollEventLoop.java:256)
	at app//io.netty.util.concurrent.SingleThreadEventExecutor$5.run(SingleThreadEventExecutor.java:884)
	at java.base@11.0.26/java.lang.Thread.run(Thread.java:829)


"Netty Epoll Server IO #2" daemon prio=5 Id=75 RUNNABLE
	at app//io.netty.channel.epoll.Native.epollWait0(Native Method)
	at app//io.netty.channel.epoll.Native.epollWait(Native.java:114)
	at app//io.netty.channel.epoll.EpollEventLoop.epollWait(EpollEventLoop.java:239)
	at app//io.netty.channel.epoll.EpollEventLoop.run(EpollEventLoop.java:256)
	at app//io.netty.util.concurrent.SingleThreadEventExecutor$5.run(SingleThreadEventExecutor.java:884)
	at java.base@11.0.26/java.lang.Thread.run(Thread.java:829)


"pool-3-thread-1" prio=5 Id=88 WAITING on java.util.concurrent.locks.AbstractQueuedSynchronizer$ConditionObject@a12e9ff
	at java.base@11.0.26/jdk.internal.misc.Unsafe.park(Native Method)
	-  waiting on java.util.concurrent.locks.AbstractQueuedSynchronizer$ConditionObject@a12e9ff
	at java.base@11.0.26/java.util.concurrent.locks.LockSupport.park(LockSupport.java:194)
	at java.base@11.0.26/java.util.concurrent.locks.AbstractQueuedSynchronizer$ConditionObject.await(AbstractQueuedSynchronizer.java:2081)
	at java.base@11.0.26/java.util.concurrent.ScheduledThreadPoolExecutor$DelayedWorkQueue.take(ScheduledThreadPoolExecutor.java:1170)
	at java.base@11.0.26/java.util.concurrent.ScheduledThreadPoolExecutor$DelayedWorkQueue.take(ScheduledThreadPoolExecutor.java:899)
	at java.base@11.0.26/java.util.concurrent.ThreadPoolExecutor.getTask(ThreadPoolExecutor.java:1054)
	at java.base@11.0.26/java.util.concurrent.ThreadPoolExecutor.runWorker(ThreadPoolExecutor.java:1114)
	at java.base@11.0.26/java.util.concurrent.ThreadPoolExecutor$Worker.run(ThreadPoolExecutor.java:628)
	...


"Netty Epoll Server IO #3" daemon prio=5 Id=96 RUNNABLE
	at app//io.netty.channel.epoll.Native.epollWait0(Native Method)
	at app//io.netty.channel.epoll.Native.epollWait(Native.java:114)
	at app//io.netty.channel.epoll.EpollEventLoop.epollWait(EpollEventLoop.java:239)
	at app//io.netty.channel.epoll.EpollEventLoop.run(EpollEventLoop.java:256)
	at app//io.netty.util.concurrent.SingleThreadEventExecutor$5.run(SingleThreadEventExecutor.java:884)
	at java.base@11.0.26/java.lang.Thread.run(Thread.java:829)


"Netty Epoll Server IO #4" daemon prio=5 Id=97 RUNNABLE
	at app//io.netty.channel.epoll.Native.epollWait0(Native Method)
	at app//io.netty.channel.epoll.Native.epollWait(Native.java:114)
	at app//io.netty.channel.epoll.EpollEventLoop.epollWait(EpollEventLoop.java:239)
	at app//io.netty.channel.epoll.EpollEventLoop.run(EpollEventLoop.java:256)
	at app//io.netty.util.concurrent.SingleThreadEventExecutor$5.run(SingleThreadEventExecutor.java:884)
	at java.base@11.0.26/java.lang.Thread.run(Thread.java:829)


"Netty Epoll Server IO #5" daemon prio=5 Id=108 RUNNABLE
	at app//io.netty.channel.epoll.Native.epollWait0(Native Method)
	at app//io.netty.channel.epoll.Native.epollWait(Native.java:114)
	at app//io.netty.channel.epoll.EpollEventLoop.epollWait(EpollEventLoop.java:239)
	at app//io.netty.channel.epoll.EpollEventLoop.run(EpollEventLoop.java:256)
	at app//io.netty.util.concurrent.SingleThreadEventExecutor$5.run(SingleThreadEventExecutor.java:884)
	at java.base@11.0.26/java.lang.Thread.run(Thread.java:829)


"Netty Epoll Server IO #6" daemon prio=5 Id=109 RUNNABLE
	at app//io.netty.channel.epoll.Native.epollWait0(Native Method)
	at app//io.netty.channel.epoll.Native.epollWait(Native.java:114)
	at app//io.netty.channel.epoll.EpollEventLoop.epollWait(EpollEventLoop.java:239)
	at app//io.netty.channel.epoll.EpollEventLoop.run(EpollEventLoop.java:256)
	at app//io.netty.util.concurrent.SingleThreadEventExecutor$5.run(SingleThreadEventExecutor.java:884)
	at java.base@11.0.26/java.lang.Thread.run(Thread.java:829)


"Netty Epoll Server IO #7" daemon prio=5 Id=110 RUNNABLE
	at app//io.netty.channel.epoll.Native.epollWait0(Native Method)
	at app//io.netty.channel.epoll.Native.epollWait(Native.java:114)
	at app//io.netty.channel.epoll.EpollEventLoop.epollWait(EpollEventLoop.java:239)
	at app//io.netty.channel.epoll.EpollEventLoop.run(EpollEventLoop.java:256)
	at app//io.netty.util.concurrent.SingleThreadEventExecutor$5.run(SingleThreadEventExecutor.java:884)
	at java.base@11.0.26/java.lang.Thread.run(Thread.java:829)


"ForkJoinPool-4-worker-5" daemon prio=5 Id=266 WAITING on java.util.concurrent.ForkJoinPool@545c4607
	at java.base@11.0.26/jdk.internal.misc.Unsafe.park(Native Method)
	-  waiting on java.util.concurrent.ForkJoinPool@545c4607
	at java.base@11.0.26/java.util.concurrent.locks.LockSupport.park(LockSupport.java:194)
	at java.base@11.0.26/java.util.concurrent.ForkJoinPool.runWorker(ForkJoinPool.java:1628)
	at java.base@11.0.26/java.util.concurrent.ForkJoinWorkerThread.run(ForkJoinWorkerThread.java:183)


"IO-Worker-231" prio=5 Id=548 TIMED_WAITING on java.util.concurrent.SynchronousQueue$TransferStack@3b82760
	at java.base@11.0.26/jdk.internal.misc.Unsafe.park(Native Method)
	-  waiting on java.util.concurrent.SynchronousQueue$TransferStack@3b82760
	at java.base@11.0.26/java.util.concurrent.locks.LockSupport.parkNanos(LockSupport.java:234)
	at java.base@11.0.26/java.util.concurrent.SynchronousQueue$TransferStack.awaitFulfill(SynchronousQueue.java:462)
	at java.base@11.0.26/java.util.concurrent.SynchronousQueue$TransferStack.transfer(SynchronousQueue.java:361)
	at java.base@11.0.26/java.util.concurrent.SynchronousQueue.poll(SynchronousQueue.java:937)
	at java.base@11.0.26/java.util.concurrent.ThreadPoolExecutor.getTask(ThreadPoolExecutor.java:1053)
	at java.base@11.0.26/java.util.concurrent.ThreadPoolExecutor.runWorker(ThreadPoolExecutor.java:1114)
	at java.base@11.0.26/java.util.concurrent.ThreadPoolExecutor$Worker.run(ThreadPoolExecutor.java:628)
	...


"IO-Worker-235" prio=5 Id=555 TIMED_WAITING on java.util.concurrent.SynchronousQueue$TransferStack@3b82760
	at java.base@11.0.26/jdk.internal.misc.Unsafe.park(Native Method)
	-  waiting on java.util.concurrent.SynchronousQueue$TransferStack@3b82760
	at java.base@11.0.26/java.util.concurrent.locks.LockSupport.parkNanos(LockSupport.java:234)
	at java.base@11.0.26/java.util.concurrent.SynchronousQueue$TransferStack.awaitFulfill(SynchronousQueue.java:462)
	at java.base@11.0.26/java.util.concurrent.SynchronousQueue$TransferStack.transfer(SynchronousQueue.java:361)
	at java.base@11.0.26/java.util.concurrent.SynchronousQueue.poll(SynchronousQueue.java:937)
	at java.base@11.0.26/java.util.concurrent.ThreadPoolExecutor.getTask(ThreadPoolExecutor.java:1053)
	at java.base@11.0.26/java.util.concurrent.ThreadPoolExecutor.runWorker(ThreadPoolExecutor.java:1114)
	at java.base@11.0.26/java.util.concurrent.ThreadPoolExecutor$Worker.run(ThreadPoolExecutor.java:628)
	...


"IO-Worker-238" prio=5 Id=558 TIMED_WAITING on java.util.concurrent.SynchronousQueue$TransferStack@3b82760
	at java.base@11.0.26/jdk.internal.misc.Unsafe.park(Native Method)
	-  waiting on java.util.concurrent.SynchronousQueue$TransferStack@3b82760
	at java.base@11.0.26/java.util.concurrent.locks.LockSupport.parkNanos(LockSupport.java:234)
	at java.base@11.0.26/java.util.concurrent.SynchronousQueue$TransferStack.awaitFulfill(SynchronousQueue.java:462)
	at java.base@11.0.26/java.util.concurrent.SynchronousQueue$TransferStack.transfer(SynchronousQueue.java:361)
	at java.base@11.0.26/java.util.concurrent.SynchronousQueue.poll(SynchronousQueue.java:937)
	at java.base@11.0.26/java.util.concurrent.ThreadPoolExecutor.getTask(ThreadPoolExecutor.java:1053)
	at java.base@11.0.26/java.util.concurrent.ThreadPoolExecutor.runWorker(ThreadPoolExecutor.java:1114)
	at java.base@11.0.26/java.util.concurrent.ThreadPoolExecutor$Worker.run(ThreadPoolExecutor.java:628)
	...


"ForkJoinPool.commonPool-worker-3" daemon prio=5 Id=562 WAITING on java.util.concurrent.ForkJoinPool@c1a3a04
	at java.base@11.0.26/jdk.internal.misc.Unsafe.park(Native Method)
	-  waiting on java.util.concurrent.ForkJoinPool@c1a3a04
	at java.base@11.0.26/java.util.concurrent.locks.LockSupport.park(LockSupport.java:194)
	at java.base@11.0.26/java.util.concurrent.ForkJoinPool.runWorker(ForkJoinPool.java:1628)
	at java.base@11.0.26/java.util.concurrent.ForkJoinWorkerThread.run(ForkJoinWorkerThread.java:183)


"IO-Worker-240" prio=5 Id=565 TIMED_WAITING on java.util.concurrent.SynchronousQueue$TransferStack@3b82760
	at java.base@11.0.26/jdk.internal.misc.Unsafe.park(Native Method)
	-  waiting on java.util.concurrent.SynchronousQueue$TransferStack@3b82760
	at java.base@11.0.26/java.util.concurrent.locks.LockSupport.parkNanos(LockSupport.java:234)
	at java.base@11.0.26/java.util.concurrent.SynchronousQueue$TransferStack.awaitFulfill(SynchronousQueue.java:462)
	at java.base@11.0.26/java.util.concurrent.SynchronousQueue$TransferStack.transfer(SynchronousQueue.java:361)
	at java.base@11.0.26/java.util.concurrent.SynchronousQueue.poll(SynchronousQueue.java:937)
	at java.base@11.0.26/java.util.concurrent.ThreadPoolExecutor.getTask(ThreadPoolExecutor.java:1053)
	at java.base@11.0.26/java.util.concurrent.ThreadPoolExecutor.runWorker(ThreadPoolExecutor.java:1114)
	at java.base@11.0.26/java.util.concurrent.ThreadPoolExecutor$Worker.run(ThreadPoolExecutor.java:628)
	...


"IO-Worker-242" prio=5 Id=567 TIMED_WAITING on java.util.concurrent.SynchronousQueue$TransferStack@3b82760
	at java.base@11.0.26/jdk.internal.misc.Unsafe.park(Native Method)
	-  waiting on java.util.concurrent.SynchronousQueue$TransferStack@3b82760
	at java.base@11.0.26/java.util.concurrent.locks.LockSupport.parkNanos(LockSupport.java:234)
	at java.base@11.0.26/java.util.concurrent.SynchronousQueue$TransferStack.awaitFulfill(SynchronousQueue.java:462)
	at java.base@11.0.26/java.util.concurrent.SynchronousQueue$TransferStack.transfer(SynchronousQueue.java:361)
	at java.base@11.0.26/java.util.concurrent.SynchronousQueue.poll(SynchronousQueue.java:937)
	at java.base@11.0.26/java.util.concurrent.ThreadPoolExecutor.getTask(ThreadPoolExecutor.java:1053)
	at java.base@11.0.26/java.util.concurrent.ThreadPoolExecutor.runWorker(ThreadPoolExecutor.java:1114)
	at java.base@11.0.26/java.util.concurrent.ThreadPoolExecutor$Worker.run(ThreadPoolExecutor.java:628)
	...


"ForkJoinPool.commonPool-worker-5" daemon prio=5 Id=568 TIMED_WAITING on java.util.concurrent.ForkJoinPool@c1a3a04
	at java.base@11.0.26/jdk.internal.misc.Unsafe.park(Native Method)
	-  waiting on java.util.concurrent.ForkJoinPool@c1a3a04
	at java.base@11.0.26/java.util.concurrent.locks.LockSupport.parkUntil(LockSupport.java:275)
	at java.base@11.0.26/java.util.concurrent.ForkJoinPool.runWorker(ForkJoinPool.java:1619)
	at java.base@11.0.26/java.util.concurrent.ForkJoinWorkerThread.run(ForkJoinWorkerThread.java:183)



Stacktrace:
	at net.minecraft.server.dedicated.ServerHangWatchdog.run(ServerHangWatchdog.java:56) [?:?] {re:classloading}
	at java.lang.Thread.run(Thread.java:829) [?:?] {}


-- Performance stats --
Details:
	Random tick rate: 3
	Level stats: ResourceKey[minecraft:dimension / minecraft:overworld]: players: 4, entities: 2124 [minecraft:item:330,mineminenomi:marine_grunt:178,minecraft:falling_block:161,minecraft:zombie:135,minecraft:skeleton:99], block_entities: 2223 [lootr:special_loot_chest:364,minecraft:skull:357,minecraft:campfire:286,quark:monster_box:204,create:simple_kinetic:168], block_ticks: 1912, fluid_ticks: 75816, chunk_source: ServerChunkCache: 8515,
ResourceKey[minecraft:dimension / minecraft:the_nether]: players: 0, entities: 8 [minecraft:strider:4,minecraft:bat:3,alexsmobs:cockroach:1], block_entities: 0 [], block_ticks: 0, fluid_ticks: 0, chunk_source: ServerChunkCache: 0,
ResourceKey[minecraft:dimension / minecraft:the_end]: players: 0, entities: 0 [], block_entities: 1 [minecraft:end_gateway:1], block_ticks: 0, fluid_ticks: 0, chunk_source: ServerChunkCache: 0,
ResourceKey[minecraft:dimension / mineminenomi:challenges]: players: 0, entities: 0 [], block_entities: 0 [], block_ticks: 0, fluid_ticks: 0, chunk_source: ServerChunkCache: 0,
ResourceKey[minecraft:dimension / mineminenomi:challenges_f32b1d7a-5eef-3918-8041-62708bf3cf92]: players: 0, entities: 0 [], block_entities: 0 [], block_ticks: 0, fluid_ticks: 0, chunk_source: ServerChunkCache: 0,
ResourceKey[minecraft:dimension / mineminenomi:challenges_e3c5c6ef-cb96-39e5-9dd0-560e78ee3a3e]: players: 0, entities: 0 [], block_entities: 0 [], block_ticks: 0, fluid_ticks: 0, chunk_source: ServerChunkCache: 729,
ResourceKey[minecraft:dimension / mineminenomi:challenges_e3bce860-bf90-32c3-8207-0f2a95d284a9]: players: 0, entities: 0 [], block_entities: 0 [], block_ticks: 0, fluid_ticks: 0, chunk_source: ServerChunkCache: 729,
ResourceKey[minecraft:dimension / mineminenomi:challenges_73ddd7fa-c8a0-36e5-a365-6e025dd6cd7d]: players: 0, entities: 0 [], block_entities: 0 [], block_ticks: 0, fluid_ticks: 0, chunk_source: ServerChunkCache: 0,
ResourceKey[minecraft:dimension / mineminenomi:challenges_4147facb-94a7-34cd-9c23-fb99c1a2a0b0]: players: 0, entities: 0 [], block_entities: 0 [], block_ticks: 0, fluid_ticks: 0, chunk_source: ServerChunkCache: 0,
ResourceKey[minecraft:dimension / mineminenomi:challenges_3ac838e5-80f8-31b8-82e4-34ac0c5befe4]: players: 0, entities: 0 [], block_entities: 0 [], block_ticks: 1680, fluid_ticks: 30334, chunk_source: ServerChunkCache: 0,
ResourceKey[minecraft:dimension / mineminenomi:challenges_3172747b-348a-3cb7-90bb-f09910bd964f]: players: 0, entities: 0 [], block_entities: 0 [], block_ticks: 0, fluid_ticks: 0, chunk_source: ServerChunkCache: 0,
ResourceKey[minecraft:dimension / mineminenomi:challenges_b042d1b7-0784-32e2-9baa-ecd241742ddb]: players: 0, entities: 0 [], block_entities: 0 [], block_ticks: 8, fluid_ticks: 0, chunk_source: ServerChunkCache: 729,
ResourceKey[minecraft:dimension / mineminenomi:challenges_c036adcd-b12e-365b-8f81-7daa1cc36f57]: players: 0, entities: 0 [], block_entities: 1 [mineminenomi:flag:1], block_ticks: 0, fluid_ticks: 0, chunk_source: ServerChunkCache: 729

-- System Details --
Details:
	Minecraft Version: 1.16.5
	Minecraft Version ID: 1.16.5
	Operating System: Linux (amd64) version 6.8.0-1026-azure
	Java Version: 11.0.26, Ubuntu
	Java VM Version: OpenJDK 64-Bit Server VM (mixed mode, sharing), Ubuntu
	Memory: 1441984720 bytes (1375 MB) / 6574571520 bytes (6270 MB) up to 12884901888 bytes (12288 MB)
	CPUs: 4
	JVM Flags: 2 total; -Xms2G -Xmx12G
	ModLauncher: 8.1.3+8.1.3+main-8.1.x.c94d18ec
	ModLauncher launch target: fmlserver
	ModLauncher naming: srg
	ModLauncher services: 
		/mixin-0.8.4.jar mixin PLUGINSERVICE 
		/eventbus-4.0.0.jar eventbus PLUGINSERVICE 
		/forge-1.16.5-36.2.42.jar object_holder_definalize PLUGINSERVICE 
		/forge-1.16.5-36.2.42.jar runtime_enum_extender PLUGINSERVICE 
		/forge-1.16.5-36.2.42.jar capability_inject_definalize PLUGINSERVICE 
		/accesstransformers-3.0.1.jar accesstransformer PLUGINSERVICE 
		/forge-1.16.5-36.2.42.jar runtimedistcleaner PLUGINSERVICE 
		/mixin-0.8.4.jar mixin TRANSFORMATIONSERVICE 
		/forge-1.16.5-36.2.42.jar fml TRANSFORMATIONSERVICE 
	FML: 36.2
	Forge: net.minecraftforge:36.2.42
	FML Language Providers: 
		javafml@36.2
		minecraft@1
		kotlinforforge@1.16.0
	Mod List: 
		dynamiclightsreforged-mc1.16.5_v1.0.1.jar         |Dynamic Lights Reforged       |dynamiclightsreforged         |mc1.16.5_v1.0.1     |DONE      |Manifest: NOSIGNATURE
		mowziesmobs-1.5.27.jar                            |Mowzie's Mobs                 |mowziesmobs                   |1.5.27              |DONE      |Manifest: NOSIGNATURE
		BetterDungeons-1.16.4-1.2.1.jar                   |YUNG's Better Dungeons        |betterdungeons                |1.16.4-1.2.1        |DONE      |Manifest: NOSIGNATURE
		skin_changer-0.2.2.jar                            |Skin Changer                  |skin_changer                  |0.2.2               |DONE      |Manifest: NOSIGNATURE
		mine-mine-no-mi-1.16.5-0.10.5.jar                 |Mine Mine no Mi               |mineminenomi                  |0.10.5              |DONE      |Manifest: NOSIGNATURE
		jei-1.16.5-7.8.0.1009.jar                         |Just Enough Items             |jei                           |7.8.0.1009          |DONE      |Manifest: NOSIGNATURE
		abnormals_core-1.16.5-3.3.1.jar                   |Abnormals Core                |abnormals_core                |3.3.1               |DONE      |Manifest: NOSIGNATURE
		libraryferret-forge-1.16.5-4.0.0.jar              |Library ferret                |libraryferret                 |4.0.0               |DONE      |Manifest: NOSIGNATURE
		BetterCaves-Forge-1.16.4-1.1.2.jar                |YUNG's Better Caves           |bettercaves                   |1.16.4-1.1.2        |DONE      |Manifest: NOSIGNATURE
		Waystones_1.16.5-7.6.4.jar                        |Waystones                     |waystones                     |7.6.4               |DONE      |Manifest: NOSIGNATURE
		BetterPortals-1.16.4-0.3.9.jar                    |YUNG's Better Portals         |betterportals                 |1.16.4-0.3.9        |DONE      |Manifest: NOSIGNATURE
		CTM-MC1.16.1-1.1.2.6.jar                          |ConnectedTexturesMod          |ctm                           |MC1.16.1-1.1.2.6    |DONE      |Manifest: NOSIGNATURE
		comforts-forge-1.16.5-4.0.1.5.jar                 |Comforts                      |comforts                      |1.16.5-4.0.1.5      |DONE      |Manifest: NOSIGNATURE
		citadel-1.8.1-1.16.5.jar                          |Citadel                       |citadel                       |1.8.1               |DONE      |Manifest: NOSIGNATURE
		alexsmobs-1.12.1.jar                              |Alex's Mobs                   |alexsmobs                     |1.12.1              |DONE      |Manifest: NOSIGNATURE
		NaturesCompass-1.16.5-1.9.1-forge.jar             |Nature's Compass              |naturescompass                |1.16.5-1.9.1-forge  |DONE      |Manifest: NOSIGNATURE
		Artifacts-1.16.5-2.10.5.jar                       |Artifacts                     |artifacts                     |1.16.5-2.10.5       |DONE      |Manifest: NOSIGNATURE
		SereneSeasons-1.16.5-4.0.1.130-universal.jar      |Serene Seasons                |sereneseasons                 |1.16.5-4.0.1.130    |DONE      |Manifest: NOSIGNATURE
		YungsApi-1.16.4-Forge-13.jar                      |YUNG's API                    |yungsapi                      |1.16.4-Forge-13     |DONE      |Manifest: NOSIGNATURE
		OuterEnd-0.2.14.jar                               |The Outer End                 |outer_end                     |0.2.9               |DONE      |Manifest: NOSIGNATURE
		Bookshelf-Forge-1.16.5-10.4.33.jar                |Bookshelf                     |bookshelf                     |10.4.33             |DONE      |Manifest: eb:c4:b1:67:8b:f9:0c:db:dc:4f:01:b1:8e:61:64:39:4c:10:85:0b:a6:c4:c7:48:f0:fa:95:f2:cb:08:3a:e5
		Coins-1.16.5-6.0.2.jar                            |Coins                         |coins                         |6.0.2               |DONE      |Manifest: eb:c4:b1:67:8b:f9:0c:db:dc:4f:01:b1:8e:61:64:39:4c:10:85:0b:a6:c4:c7:48:f0:fa:95:f2:cb:08:3a:e5
		BadMobs-1.16.5-9.1.9.jar                          |BadMobs                       |badmobs                       |9.1.9               |DONE      |Manifest: eb:c4:b1:67:8b:f9:0c:db:dc:4f:01:b1:8e:61:64:39:4c:10:85:0b:a6:c4:c7:48:f0:fa:95:f2:cb:08:3a:e5
		sophisticatedbackpacks-1.16.5-3.15.20.755.jar     |Sophisticated Backpacks       |sophisticatedbackpacks        |1.16.5-3.15.20.755  |DONE      |Manifest: NOSIGNATURE
		ExplorersCompass-1.16.5-1.1.2-forge.jar           |Explorer's Compass            |explorerscompass              |1.16.5-1.1.2-forge  |DONE      |Manifest: NOSIGNATURE
		iChunUtil-1.16.5-10.7.0.jar                       |iChunUtil                     |ichunutil                     |10.7.0              |DONE      |Manifest: NOSIGNATURE
		carryon-1.16.5-1.15.6.24.jar                      |Carry On                      |carryon                       |1.15.6.24           |DONE      |Manifest: NOSIGNATURE
		islands-1.16.5-1.4.2.jar                          |Islands                       |islands                       |1.4.1               |DONE      |Manifest: NOSIGNATURE
		forge-1.16.5-36.2.42-universal.jar                |Forge                         |forge                         |36.2.42             |DONE      |Manifest: 22:af:21:d8:19:82:7f:93:94:fe:2b:ac:b7:e4:41:57:68:39:87:b1:a7:5c:c6:44:f9:25:74:21:14:f5:0d:90
		supplementaries-1.16.5-0.18.5.jar                 |Supplementaries               |supplementaries               |0.18.3              |DONE      |Manifest: NOSIGNATURE
		xercamusic-1.16.5-2.1.2.jar                       |Xerca's Music Maker Mod       |xercamusic                    |1.16.5-2.1.2        |DONE      |Manifest: NOSIGNATURE
		embeddium-0.3.18+mc1.16.5.jar                     |Embeddium                     |embeddium                     |0.3.18+mc1.16.5     |DONE      |Manifest: NOSIGNATURE
		idas_forge-1.5.5+1.16.5.jar                       |Integrated Dungeons and Struct|idas                          |1.5.5+1.16.5        |DONE      |Manifest: NOSIGNATURE
		selene-1.16.5-1.9.0.jar                           |Selene                        |selene                        |1.16.5-1.0          |DONE      |Manifest: NOSIGNATURE
		corpse-1.16.5-1.0.6.jar                           |Corpse                        |corpse                        |1.16.5-1.0.6        |DONE      |Manifest: NOSIGNATURE
		hakibar-1.16.5-1.8.jar                            |Haki Bar                      |hakibar                       |1.7                 |DONE      |Manifest: NOSIGNATURE
		forge-1.16.5-36.2.42-server.jar                   |Minecraft                     |minecraft                     |1.16.5              |DONE      |Manifest: NOSIGNATURE
		minecraft_shenanigansbc-1.0.0-forge-1.16.5.jar    |Minecraft ShenanigansBC       |minecraft_shenanigansbc       |1.0.0               |DONE      |Manifest: NOSIGNATURE
		FarmersDelight-1.16.5-0.6.0.jar                   |Farmer's Delight              |farmersdelight                |1.16.5-0.6.0        |DONE      |Manifest: NOSIGNATURE
		culturaldelights-1.16.5-0.9.2.jar                 |Cultural Delights             |culturaldelights              |0.9.2               |DONE      |Manifest: NOSIGNATURE
		voicechat-forge-1.16.5-2.5.29.jar                 |Simple Voice Chat             |voicechat                     |1.16.5-2.5.29       |DONE      |Manifest: NOSIGNATURE
		Alex's Delight 1.1.3 - Forge 1.16.5.jar           |Alex's Delight                |amfd                          |1.1.3               |DONE      |Manifest: NOSIGNATURE
		simpleshops-1.1.3.jar                             |Simple Shops                  |simpleshops                   |1.1.3               |DONE      |Manifest: NOSIGNATURE
		Jade-1.16.4-2.8.3.jar                             |Jade                          |jade                          |2.8.3               |DONE      |Manifest: NOSIGNATURE
		endrem-5.0.3-R-1.16.5.jar                         |End Remastered                |endrem                        |5.0.3-R-1.16.5      |DONE      |Manifest: NOSIGNATURE
		UnusualEnd1.16_V1.3.0.jar                         |Unusual End                   |unusualend                    |1.3.0               |DONE      |Manifest: NOSIGNATURE
		Platform-forge-1.16.5-1.2.5.jar                   |Platform                      |platform                      |1.2.5               |DONE      |Manifest: NOSIGNATURE
		YungsBridges-Forge-1.16.4-1.0.1.jar               |YUNG's Bridges                |yungsbridges                  |1.16.4-1.0.1        |DONE      |Manifest: NOSIGNATURE
		cavesandcliffs-1.16.5-7.2.0.jar                   |Caves and Cliffs Backport     |cavesandcliffs                |1.16.5-7.2.0        |DONE      |Manifest: NOSIGNATURE
		L_Enders Cataclysm-0.48 Changed Theme -1.16.5.jar |Cataclysm Mod                 |cataclysm                     |1.0                 |DONE      |Manifest: NOSIGNATURE
		flywheel-1.16-0.2.5.jar                           |Flywheel                      |flywheel                      |1.16-0.2.5          |DONE      |Manifest: NOSIGNATURE
		create-mc1.16.5_v0.3.2g.jar                       |Create                        |create                        |v0.3.2g             |DONE      |Manifest: NOSIGNATURE
		curios-forge-1.16.5-4.1.0.0.jar                   |Curios API                    |curios                        |1.16.5-4.1.0.0      |DONE      |Manifest: NOSIGNATURE
		collective-1.16.5-5.49.jar                        |Collective                    |collective                    |5.49                |DONE      |Manifest: NOSIGNATURE
		polymorph-forge-1.16.5-0.41.jar                   |Polymorph                     |polymorph                     |1.16.5-0.41         |DONE      |Manifest: NOSIGNATURE
		AutoRegLib-1.6-49.jar                             |AutoRegLib                    |autoreglib                    |1.6-49              |DONE      |Manifest: NOSIGNATURE
		Quark-r2.4-322.jar                                |Quark                         |quark                         |r2.4-322            |DONE      |Manifest: NOSIGNATURE
		ParCool-1.16.5-3.3.1.1.jar                        |ParCool!                      |parcool                       |3.3.1.1             |DONE      |Manifest: NOSIGNATURE
		YungsExtras-Forge-1.16.4-1.0.jar                  |YUNG's Extras                 |yungsextras                   |Forge-1.16.4-1.0    |DONE      |Manifest: NOSIGNATURE
		FramedBlocks-2.16.3.jar                           |FramedBlocks                  |framedblocks                  |2.16.3              |DONE      |Manifest: NOSIGNATURE
		bettervillage-forge-1.16.5-3.3.0.jar              |Better village                |bettervillage                 |3.3.0               |DONE      |Manifest: NOSIGNATURE
		BetterStrongholds-1.16.4-1.2.1.jar                |YUNG's Better Strongholds     |betterstrongholds             |1.16.4-1.2.1        |DONE      |Manifest: NOSIGNATURE
		CustomNPCs-1.16.5.20220515.jar                    |Custom NPCs                   |customnpcs                    |1.16.5.20220515     |DONE      |Manifest: NOSIGNATURE
		starterkit_1.16.5-4.1.jar                         |Starter Kit                   |starterkit                    |4.1                 |DONE      |Manifest: NOSIGNATURE
		CaveBiomeAPI-forge-2.0.0.jar                      |CaveBiomeAPI                  |cavebiomeapi                  |2.0.0               |DONE      |Manifest: NOSIGNATURE
		architectury-1.32.68.jar                          |Architectury                  |architectury                  |1.32.68             |DONE      |Manifest: NOSIGNATURE
		lootr-1.16.5-0.2.19.51.jar                        |Lootr                         |lootr                         |0.2.19.51           |DONE      |Manifest: NOSIGNATURE
		Chisel-MC1.16.5-2.0.1-alpha.4.jar                 |Chisel                        |chisel                        |MC1.16.5-2.0.1-alpha|DONE      |Manifest: NOSIGNATURE
		cloth-config-4.17.132-forge.jar                   |Cloth Config v4 API           |cloth-config                  |4.17.132            |DONE      |Manifest: NOSIGNATURE
		Aquaculture-1.16.5-2.1.23.jar                     |Aquaculture 2                 |aquaculture                   |1.16.5-2.1.23       |DONE      |Manifest: NOSIGNATURE
		valkyrienskies-116-2.0.0-alpha6.jar               |Valkyrien Skies 2             |valkyrienskies                |2.0.0-alpha6        |DONE      |Manifest: NOSIGNATURE
		eureka-1.0.0-alpha7.jar                           |VS Eureka Mod                 |vs_eureka                     |1.0.0-alpha7        |DONE      |Manifest: NOSIGNATURE
		toms_storage-1.16.5-1.2.24.jar                    |Tom's Simple Storage Mod      |toms_storage                  |1.2.24              |DONE      |Manifest: NOSIGNATURE
		expandability-2.0.1-forge.jar                     |ExpandAbility                 |expandability                 |2.0.1               |DONE      |Manifest: NOSIGNATURE
		CosmeticArmorReworked-1.16.5-v5a.jar              |CosmeticArmorReworked         |cosmeticarmorreworked         |1.16.5-v5a          |DONE      |Manifest: 5e:ed:25:99:e4:44:14:c0:dd:89:c1:a9:4c:10:b5:0d:e4:b1:52:50:45:82:13:d8:d0:32:89:67:56:57:01:53
		chiselsandbits-1.0.42-ALPHA.jar                   |Chisels & bits                |chiselsandbits                |1.0.42-ALPHA        |DONE      |Manifest: NOSIGNATURE
		BetterMineshafts-Forge-1.16.4-2.0.4.jar           |YUNG's Better Mineshafts      |bettermineshafts              |1.16.4-2.0.4        |DONE      |Manifest: NOSIGNATURE
		geckolib-forge-1.16.5-3.0.106.jar                 |GeckoLib                      |geckolib3                     |3.0.106             |DONE      |Manifest: NOSIGNATURE
		Vanishmod-1.16.5-1.1.6.jar                        |Vanishmod                     |vmod                          |1.1.6               |DONE      |Manifest: NOSIGNATURE
	Crash Report UUID: b0ff7e9f-c1c1-47d4-93e0-7afb46794b3f
	FramedBlocks BlockEntity Warning: Not applicable
	Player Count: 4 / 20; [ServerPlayerEntity['eldanidani'/56347, l='ServerLevel[world]', x=-4945.30, y=11.00, z=7119.30], ServerPlayerEntity['imsxs'/63034, l='ServerLevel[world]', x=-864.78, y=81.00, z=-370.24], ServerPlayerEntity['Freacklock'/55393, l='ServerLevel[world]', x=-486.89, y=63.00, z=1162.20], ServerPlayerEntity['Miglaitor_'/64239, l='ServerLevel[world]', x=-3762.50, y=13.00, z=6968.67]]
	Data Packs: vanilla, mod:dynamiclightsreforged, mod:betterdungeons, mod:mineminenomi, mod:jei, mod:abnormals_core, mod:libraryferret, mod:bettercaves (incompatible), mod:waystones (incompatible), mod:betterportals, mod:ctm (incompatible), mod:comforts, mod:citadel (incompatible), mod:alexsmobs, mod:naturescompass (incompatible), mod:artifacts, mod:sereneseasons, mod:yungsapi, mod:outer_end, mod:bookshelf, mod:coins, mod:badmobs (incompatible), mod:sophisticatedbackpacks, mod:explorerscompass, mod:ichunutil, mod:carryon, mod:islands (incompatible), mod:forge, mod:supplementaries, mod:xercamusic (incompatible), mod:embeddium (incompatible), mod:idas, mod:selene, mod:corpse, mod:hakibar (incompatible), mod:farmersdelight, mod:culturaldelights, mod:voicechat, mod:amfd, mod:simpleshops, mod:jade, mod:endrem (incompatible), mod:unusualend, mod:platform (incompatible), mod:yungsbridges, mod:cavesandcliffs, mod:cataclysm (incompatible), mod:flywheel, mod:create, mod:curios, mod:collective, mod:autoreglib (incompatible), mod:quark (incompatible), mod:parcool (incompatible), mod:yungsextras, mod:framedblocks (incompatible), mod:bettervillage, mod:betterstrongholds, mod:customnpcs, mod:starterkit, mod:cavebiomeapi, mod:architectury, mod:lootr (incompatible), mod:chisel (incompatible), mod:cloth-config (incompatible), mod:aquaculture (incompatible), mod:valkyrienskies, mod:vs_eureka, mod:toms_storage (incompatible), mod:expandability, mod:cosmeticarmorreworked (incompatible), mod:chiselsandbits (incompatible), mod:bettermineshafts, mod:geckolib3 (incompatible), mod:skin_changer (incompatible), mod:minecraft_shenanigansbc, mod:polymorph, mod:mowziesmobs, mod:vmod (incompatible)
	Is Modded: Definitely; Server brand changed to 'forge'
	Type: Dedicated Server (map_server.txt)
[01May2025 00:18:52.272] [Server Watchdog/ERROR] [net.minecraft.server.dedicated.ServerHangWatchdog/]: This crash report has been saved to: /workspaces/Bucaneros-Craft-3/servidor_minecraft/./crash-reports/crash-2025-05-01_00.18.52-server.txt
[01May2025 00:18:52.452] [Server thread/INFO] [net.minecraft.server.MinecraftServer/]: Stopping server
[01May2025 00:18:52.483] [Physics thread/WARN] [org.valkyrienskies.core.pipelines.VSPhysicsPipelineBackgroundTask/]: Physics pipeline ending
[01May2025 00:18:52.491] [Server thread/INFO] [net.minecraft.server.MinecraftServer/]: Saving players
[01May2025 00:18:52.942] [Server thread/ERROR] [net.minecraft.server.MinecraftServer/]: Exception stopping the server
java.lang.NullPointerException: null
	at net.minecraft.network.play.ServerPlayNetHandler.handler$zmf000$onDisconnect(ServerPlayNetHandler.java:3125) ~[?:?]
	at net.minecraft.network.play.ServerPlayNetHandler.func_147231_a(ServerPlayNetHandler.java) ~[?:?]
	at net.minecraft.network.NetworkManager.func_179293_l(NetworkManager.java:366) ~[?:?]
	at net.minecraft.util.concurrent.ThreadTaskExecutor.func_213167_f(SourceFile:79) ~[?:?]
	at net.minecraft.network.play.ServerPlayNetHandler.func_194028_b(ServerPlayNetHandler.java:296) ~[?:?]
	at net.minecraft.server.management.PlayerList.func_72392_r(PlayerList.java:742) ~[?:?]
	at net.minecraft.server.MinecraftServer.func_71260_j(MinecraftServer.java:557) ~[?:?]
	at net.minecraft.server.dedicated.DedicatedServer.func_71260_j(DedicatedServer.java:514) ~[?:?]
	at net.minecraft.server.MinecraftServer.func_240802_v_(MinecraftServer.java:679) ~[?:?]
	at net.minecraft.server.MinecraftServer.func_240783_a_(MinecraftServer.java:232) ~[?:?]
	at java.lang.Thread.run(Thread.java:829) [?:?]
